<?xml version="1.0" encoding="UTF-8"?>
<testng-results ignored="0" total="2" passed="2" failed="0" skipped="0">
  <reporter-output>
    <line>
      <![CDATA[LE_001->On Test Start]]>
    </line>
    <line>
      <![CDATA[LE_001->On Test Success]]>
    </line>
    <line>
      <![CDATA[demo->On Test Start]]>
    </line>
    <line>
      <![CDATA[demo->On Test Success]]>
    </line>
  </reporter-output>
  <suite started-at="2025-03-26T15:25:43 IST" name="Default suite" finished-at="2025-03-26T15:26:19 IST" duration-ms="36233">
    <groups>
      <group name="Regression">
        <method signature="TC_001.LE_001()[pri:0, instance:testCaseRepo.TC_001@70325e14]" name="LE_001" class="testCaseRepo.TC_001"/>
      </group> <!-- Regression -->
    </groups>
    <test started-at="2025-03-26T15:25:43 IST" name="Default test" finished-at="2025-03-26T15:26:19 IST" duration-ms="36233">
      <class name="testCaseRepo.TC_001">
        <test-method is-config="true" signature="dbConnection()[pri:0, instance:testCaseRepo.TC_001@70325e14]" started-at="2025-03-26T15:25:43 IST" name="dbConnection" finished-at="2025-03-26T15:25:43 IST" duration-ms="20" status="PASS">
          <reporter-output>
          </reporter-output>
        </test-method> <!-- dbConnection -->
        <test-method is-config="true" signature="launchBrowser(java.lang.String)[pri:0, instance:testCaseRepo.TC_001@70325e14]" started-at="2025-03-26T15:25:43 IST" name="launchBrowser" finished-at="2025-03-26T15:25:52 IST" duration-ms="8610" status="PASS">
          <params>
            <param index="0">
              <value>
                <![CDATA[chrome]]>
              </value>
            </param>
          </params>
          <reporter-output>
          </reporter-output>
        </test-method> <!-- launchBrowser -->
        <test-method is-config="true" signature="loginOperation()[pri:0, instance:testCaseRepo.TC_001@70325e14]" started-at="2025-03-26T15:25:52 IST" name="loginOperation" finished-at="2025-03-26T15:25:56 IST" duration-ms="4197" status="PASS">
          <reporter-output>
          </reporter-output>
        </test-method> <!-- loginOperation -->
        <test-method signature="LE_001()[pri:0, instance:testCaseRepo.TC_001@70325e14]" started-at="2025-03-26T15:25:56 IST" name="LE_001" finished-at="2025-03-26T15:26:10 IST" duration-ms="13409" status="PASS">
          <reporter-output>
            <line>
              <![CDATA[LE_001->On Test Start]]>
            </line>
            <line>
              <![CDATA[LE_001->On Test Success]]>
            </line>
          </reporter-output>
        </test-method> <!-- LE_001 -->
        <test-method is-config="true" signature="signoutOperation()[pri:0, instance:testCaseRepo.TC_001@70325e14]" started-at="2025-03-26T15:26:10 IST" name="signoutOperation" finished-at="2025-03-26T15:26:11 IST" duration-ms="1686" status="PASS">
          <reporter-output>
          </reporter-output>
        </test-method> <!-- signoutOperation -->
        <test-method is-config="true" signature="loginOperation()[pri:0, instance:testCaseRepo.TC_001@70325e14]" started-at="2025-03-26T15:26:11 IST" name="loginOperation" finished-at="2025-03-26T15:26:14 IST" duration-ms="2841" status="PASS">
          <reporter-output>
          </reporter-output>
        </test-method> <!-- loginOperation -->
        <test-method signature="demo()[pri:0, instance:testCaseRepo.TC_001@70325e14]" started-at="2025-03-26T15:26:14 IST" name="demo" finished-at="2025-03-26T15:26:14 IST" duration-ms="3" status="PASS">
          <reporter-output>
            <line>
              <![CDATA[demo->On Test Start]]>
            </line>
            <line>
              <![CDATA[demo->On Test Success]]>
            </line>
          </reporter-output>
        </test-method> <!-- demo -->
        <test-method is-config="true" signature="signoutOperation()[pri:0, instance:testCaseRepo.TC_001@70325e14]" started-at="2025-03-26T15:26:14 IST" name="signoutOperation" finished-at="2025-03-26T15:26:19 IST" duration-ms="4974" status="PASS">
          <reporter-output>
          </reporter-output>
        </test-method> <!-- signoutOperation -->
        <test-method is-config="true" signature="closeBrowser()[pri:0, instance:testCaseRepo.TC_001@70325e14]" started-at="2025-03-26T15:26:19 IST" name="closeBrowser" finished-at="2025-03-26T15:26:19 IST" duration-ms="1" status="PASS">
          <reporter-output>
          </reporter-output>
        </test-method> <!-- closeBrowser -->
        <test-method is-config="true" signature="CloseDBConnection()[pri:0, instance:testCaseRepo.TC_001@70325e14]" started-at="2025-03-26T15:26:20 IST" name="CloseDBConnection" finished-at="2025-03-26T15:26:20 IST" duration-ms="1" status="PASS">
          <reporter-output>
          </reporter-output>
        </test-method> <!-- CloseDBConnection -->
      </class> <!-- testCaseRepo.TC_001 -->
    </test> <!-- Default test -->
  </suite> <!-- Default suite -->
</testng-results>
